<?xml version="1.0" encoding="UTF-8"?>
<!-- Generated by org.testng.reporters.JUnitXMLReporter -->
<testsuite ignored="0" hostname="LAPTOP-80CMDR21" failures="0" tests="4" name="chromeTest" time="18.534" errors="0" timestamp="2022-08-06T10:18:16 IST">
  <testcase classname="com.sauceDemoTestClasses.TC001_VerifyAllScenarios" name="validateLoginFunctionality" time="0.36"/>
  <testcase classname="com.sauceDemoTestClasses.TC004_ValidateLogoutFunctionality" name="validateLogoutFunctionality" time="4.284"/>
  <testcase classname="com.sauceDemoTestClasses.TC003_ValidateMultipleProductAddedToCartFunctionality" name="homePageFunctionality" time="1.013"/>
  <testcase classname="com.sauceDemoTestClasses.TC002_ValidateAddToCartFunctionality" name="validateAddToCartFunctionality" time="3.81"/>
</testsuite> <!-- chromeTest -->
