<?xml version="1.0" encoding="UTF-8"?>
<!-- Generated by org.testng.reporters.JUnitXMLReporter -->
<testsuite ignored="0" hostname="LAPTOP-80CMDR21" failures="0" tests="4" name="Test" time="15.198" errors="0" timestamp="2022-08-06T10:34:55 IST">
  <testcase classname="com.sauceDemoTestClasses.TC001_VerifyAllScenarios" name="validateLoginFunctionality" time="0.259"/>
  <testcase classname="com.sauceDemoTestClasses.TC003_ValidateMultipleProductAddedToCartFunctionality" name="homePageFunctionality" time="0.914"/>
  <testcase classname="com.sauceDemoTestClasses.TC002_ValidateAddToCartFunctionality" name="validateAddToCartFunctionality" time="4.389"/>
  <testcase classname="com.sauceDemoTestClasses.TC004_ValidateLogoutFunctionality" name="validateLogoutFunctionality" time="3.835"/>
</testsuite> <!-- Test -->
