<?xml version="1.0" encoding="UTF-8"?>
<testng-results ignored="0" total="8" passed="8" failed="0" skipped="0">
  <reporter-output>
  </reporter-output>
  <suite started-at="2022-08-06T10:37:58 IST" name="SnitySuite" finished-at="2022-08-06T10:38:28 IST" duration-ms="29782">
    <groups>
    </groups>
    <test started-at="2022-08-06T10:37:58 IST" name="chromeTest" finished-at="2022-08-06T10:38:15 IST" duration-ms="16308">
      <class name="com.sauceDemoTestClasses.TC001_VerifyAllScenarios">
        <test-method is-config="true" signature="setUp(java.lang.String)[pri:0, instance:com.sauceDemoTestClasses.TC001_VerifyAllScenarios@7a419da4]" started-at="2022-08-06T10:37:58 IST" name="setUp" finished-at="2022-08-06T10:38:03 IST" duration-ms="5009" status="PASS">
          <params>
            <param index="0">
              <value>
                <![CDATA[chrome]]>
              </value>
            </param>
          </params>
          <reporter-output>
          </reporter-output>
        </test-method> <!-- setUp -->
        <test-method signature="validateLoginFunctionality()[pri:0, instance:com.sauceDemoTestClasses.TC001_VerifyAllScenarios@7a419da4]" started-at="2022-08-06T10:38:03 IST" name="validateLoginFunctionality" finished-at="2022-08-06T10:38:04 IST" duration-ms="362" status="PASS">
          <reporter-output>
          </reporter-output>
        </test-method> <!-- validateLoginFunctionality -->
      </class> <!-- com.sauceDemoTestClasses.TC001_VerifyAllScenarios -->
      <class name="com.sauceDemoTestClasses.TC003_ValidateMultipleProductAddedToCartFunctionality">
        <test-method is-config="true" signature="setUp(java.lang.String)[pri:0, instance:com.sauceDemoTestClasses.TC003_ValidateMultipleProductAddedToCartFunctionality@1e04fa0a]" started-at="2022-08-06T10:37:58 IST" name="setUp" finished-at="2022-08-06T10:38:06 IST" duration-ms="7863" status="PASS">
          <params>
            <param index="0">
              <value>
                <![CDATA[chrome]]>
              </value>
            </param>
          </params>
          <reporter-output>
          </reporter-output>
        </test-method> <!-- setUp -->
        <test-method signature="homePageFunctionality()[pri:0, instance:com.sauceDemoTestClasses.TC003_ValidateMultipleProductAddedToCartFunctionality@1e04fa0a]" started-at="2022-08-06T10:38:06 IST" name="homePageFunctionality" finished-at="2022-08-06T10:38:07 IST" duration-ms="854" status="PASS">
          <reporter-output>
          </reporter-output>
        </test-method> <!-- homePageFunctionality -->
      </class> <!-- com.sauceDemoTestClasses.TC003_ValidateMultipleProductAddedToCartFunctionality -->
      <class name="com.sauceDemoTestClasses.TC002_ValidateAddToCartFunctionality">
        <test-method is-config="true" signature="setUp(java.lang.String)[pri:0, instance:com.sauceDemoTestClasses.TC002_ValidateAddToCartFunctionality@66d3eec0]" started-at="2022-08-06T10:37:58 IST" name="setUp" finished-at="2022-08-06T10:38:10 IST" duration-ms="11887" status="PASS">
          <params>
            <param index="0">
              <value>
                <![CDATA[chrome]]>
              </value>
            </param>
          </params>
          <reporter-output>
          </reporter-output>
        </test-method> <!-- setUp -->
        <test-method signature="validateAddToCartFunctionality()[pri:0, instance:com.sauceDemoTestClasses.TC002_ValidateAddToCartFunctionality@66d3eec0]" started-at="2022-08-06T10:38:10 IST" name="validateAddToCartFunctionality" finished-at="2022-08-06T10:38:15 IST" duration-ms="4386" status="PASS">
          <reporter-output>
          </reporter-output>
        </test-method> <!-- validateAddToCartFunctionality -->
      </class> <!-- com.sauceDemoTestClasses.TC002_ValidateAddToCartFunctionality -->
      <class name="com.sauceDemoTestClasses.TC004_ValidateLogoutFunctionality">
        <test-method is-config="true" signature="setUp(java.lang.String)[pri:0, instance:com.sauceDemoTestClasses.TC004_ValidateLogoutFunctionality@1af2d44a]" started-at="2022-08-06T10:37:58 IST" name="setUp" finished-at="2022-08-06T10:38:07 IST" duration-ms="8796" status="PASS">
          <params>
            <param index="0">
              <value>
                <![CDATA[chrome]]>
              </value>
            </param>
          </params>
          <reporter-output>
          </reporter-output>
        </test-method> <!-- setUp -->
        <test-method signature="validateLogoutFunctionality()[pri:0, instance:com.sauceDemoTestClasses.TC004_ValidateLogoutFunctionality@1af2d44a]" started-at="2022-08-06T10:38:07 IST" name="validateLogoutFunctionality" finished-at="2022-08-06T10:38:11 IST" duration-ms="4101" status="PASS">
          <reporter-output>
          </reporter-output>
        </test-method> <!-- validateLogoutFunctionality -->
      </class> <!-- com.sauceDemoTestClasses.TC004_ValidateLogoutFunctionality -->
    </test> <!-- chromeTest -->
    <test started-at="2022-08-06T10:38:15 IST" name="edgeTest" finished-at="2022-08-06T10:38:28 IST" duration-ms="13435">
      <class name="com.sauceDemoTestClasses.TC001_VerifyAllScenarios">
        <test-method is-config="true" signature="setUp(java.lang.String)[pri:0, instance:com.sauceDemoTestClasses.TC001_VerifyAllScenarios@23c30a20]" started-at="2022-08-06T10:38:15 IST" name="setUp" finished-at="2022-08-06T10:38:21 IST" duration-ms="6035" status="PASS">
          <params>
            <param index="0">
              <value>
                <![CDATA[edge]]>
              </value>
            </param>
          </params>
          <reporter-output>
          </reporter-output>
        </test-method> <!-- setUp -->
        <test-method signature="validateLoginFunctionality()[pri:0, instance:com.sauceDemoTestClasses.TC001_VerifyAllScenarios@23c30a20]" started-at="2022-08-06T10:38:21 IST" name="validateLoginFunctionality" finished-at="2022-08-06T10:38:21 IST" duration-ms="266" status="PASS">
          <reporter-output>
          </reporter-output>
        </test-method> <!-- validateLoginFunctionality -->
      </class> <!-- com.sauceDemoTestClasses.TC001_VerifyAllScenarios -->
      <class name="com.sauceDemoTestClasses.TC003_ValidateMultipleProductAddedToCartFunctionality">
        <test-method is-config="true" signature="setUp(java.lang.String)[pri:0, instance:com.sauceDemoTestClasses.TC003_ValidateMultipleProductAddedToCartFunctionality@3cebbb30]" started-at="2022-08-06T10:38:15 IST" name="setUp" finished-at="2022-08-06T10:38:21 IST" duration-ms="6035" status="PASS">
          <params>
            <param index="0">
              <value>
                <![CDATA[edge]]>
              </value>
            </param>
          </params>
          <reporter-output>
          </reporter-output>
        </test-method> <!-- setUp -->
        <test-method signature="homePageFunctionality()[pri:0, instance:com.sauceDemoTestClasses.TC003_ValidateMultipleProductAddedToCartFunctionality@3cebbb30]" started-at="2022-08-06T10:38:21 IST" name="homePageFunctionality" finished-at="2022-08-06T10:38:22 IST" duration-ms="922" status="PASS">
          <reporter-output>
          </reporter-output>
        </test-method> <!-- homePageFunctionality -->
      </class> <!-- com.sauceDemoTestClasses.TC003_ValidateMultipleProductAddedToCartFunctionality -->
      <class name="com.sauceDemoTestClasses.TC002_ValidateAddToCartFunctionality">
        <test-method is-config="true" signature="setUp(java.lang.String)[pri:0, instance:com.sauceDemoTestClasses.TC002_ValidateAddToCartFunctionality@1e1a0406]" started-at="2022-08-06T10:38:15 IST" name="setUp" finished-at="2022-08-06T10:38:21 IST" duration-ms="6069" status="PASS">
          <params>
            <param index="0">
              <value>
                <![CDATA[edge]]>
              </value>
            </param>
          </params>
          <reporter-output>
          </reporter-output>
        </test-method> <!-- setUp -->
        <test-method signature="validateAddToCartFunctionality()[pri:0, instance:com.sauceDemoTestClasses.TC002_ValidateAddToCartFunctionality@1e1a0406]" started-at="2022-08-06T10:38:21 IST" name="validateAddToCartFunctionality" finished-at="2022-08-06T10:38:25 IST" duration-ms="4366" status="PASS">
          <reporter-output>
          </reporter-output>
        </test-method> <!-- validateAddToCartFunctionality -->
      </class> <!-- com.sauceDemoTestClasses.TC002_ValidateAddToCartFunctionality -->
      <class name="com.sauceDemoTestClasses.TC004_ValidateLogoutFunctionality">
        <test-method is-config="true" signature="setUp(java.lang.String)[pri:0, instance:com.sauceDemoTestClasses.TC004_ValidateLogoutFunctionality@67f639d3]" started-at="2022-08-06T10:38:15 IST" name="setUp" finished-at="2022-08-06T10:38:24 IST" duration-ms="9492" status="PASS">
          <params>
            <param index="0">
              <value>
                <![CDATA[edge]]>
              </value>
            </param>
          </params>
          <reporter-output>
          </reporter-output>
        </test-method> <!-- setUp -->
        <test-method signature="validateLogoutFunctionality()[pri:0, instance:com.sauceDemoTestClasses.TC004_ValidateLogoutFunctionality@67f639d3]" started-at="2022-08-06T10:38:24 IST" name="validateLogoutFunctionality" finished-at="2022-08-06T10:38:28 IST" duration-ms="3938" status="PASS">
          <reporter-output>
          </reporter-output>
        </test-method> <!-- validateLogoutFunctionality -->
      </class> <!-- com.sauceDemoTestClasses.TC004_ValidateLogoutFunctionality -->
    </test> <!-- edgeTest -->
  </suite> <!-- SnitySuite -->
</testng-results>
