<?xml version="1.0" encoding="UTF-8"?>
<!-- Generated by org.testng.reporters.JUnitXMLReporter -->
<testsuite ignored="0" hostname="LAPTOP-80CMDR21" failures="0" tests="4" name="edgeTest" time="13.435" errors="0" timestamp="2022-08-06T10:38:28 IST">
  <testcase classname="com.sauceDemoTestClasses.TC001_VerifyAllScenarios" name="validateLoginFunctionality" time="0.266"/>
  <testcase classname="com.sauceDemoTestClasses.TC003_ValidateMultipleProductAddedToCartFunctionality" name="homePageFunctionality" time="0.922"/>
  <testcase classname="com.sauceDemoTestClasses.TC002_ValidateAddToCartFunctionality" name="validateAddToCartFunctionality" time="4.366"/>
  <testcase classname="com.sauceDemoTestClasses.TC004_ValidateLogoutFunctionality" name="validateLogoutFunctionality" time="3.938"/>
</testsuite> <!-- edgeTest -->
